This is pdfTeX, Version 3.1415926-1.40.10 (TeX Live 2009/Debian) (format=pdflatex 2011.6.2)  24 OCT 2011 15:30
entering extended mode
 %&-line parsing enabled.
**homework1.tex
(./homework1.tex
LaTeX2e <2009/09/24>
Babel <v3.8l> and hyphenation patterns for english, usenglishmax, dumylang, noh
yphenation, ngerman, german, german-x-2009-06-19, ngerman-x-2009-06-19, loaded.

(/usr/share/texmf-texlive/tex/latex/base/article.cls
Document Class: article 2007/10/19 v1.4h Standard LaTeX document class
(/usr/share/texmf-texlive/tex/latex/base/size10.clo
File: size10.clo 2007/10/19 v1.4h Standard LaTeX file (size option)
)
\c@part=\count79
\c@section=\count80
\c@subsection=\count81
\c@subsubsection=\count82
\c@paragraph=\count83
\c@subparagraph=\count84
\c@figure=\count85
\c@table=\count86
\abovecaptionskip=\skip41
\belowcaptionskip=\skip42
\bibindent=\dimen102
)
(/usr/share/texmf-texlive/tex/latex/amsmath/amsmath.sty
Package: amsmath 2000/07/18 v2.13 AMS math features
\@mathmargin=\skip43

For additional information on amsmath, use the `?' option.
(/usr/share/texmf-texlive/tex/latex/amsmath/amstext.sty
Package: amstext 2000/06/29 v2.01

(/usr/share/texmf-texlive/tex/latex/amsmath/amsgen.sty
File: amsgen.sty 1999/11/30 v2.0
\@emptytoks=\toks14
\ex@=\dimen103
))
(/usr/share/texmf-texlive/tex/latex/amsmath/amsbsy.sty
Package: amsbsy 1999/11/29 v1.2d
\pmbraise@=\dimen104
)
(/usr/share/texmf-texlive/tex/latex/amsmath/amsopn.sty
Package: amsopn 1999/12/14 v2.01 operator names
)
\inf@bad=\count87
LaTeX Info: Redefining \frac on input line 211.
\uproot@=\count88
\leftroot@=\count89
LaTeX Info: Redefining \overline on input line 307.
\classnum@=\count90
\DOTSCASE@=\count91
LaTeX Info: Redefining \ldots on input line 379.
LaTeX Info: Redefining \dots on input line 382.
LaTeX Info: Redefining \cdots on input line 467.
\Mathstrutbox@=\box26
\strutbox@=\box27
\big@size=\dimen105
LaTeX Font Info:    Redeclaring font encoding OML on input line 567.
LaTeX Font Info:    Redeclaring font encoding OMS on input line 568.
\macc@depth=\count92
\c@MaxMatrixCols=\count93
\dotsspace@=\muskip10
\c@parentequation=\count94
\dspbrk@lvl=\count95
\tag@help=\toks15
\row@=\count96
\column@=\count97
\maxfields@=\count98
\andhelp@=\toks16
\eqnshift@=\dimen106
\alignsep@=\dimen107
\tagshift@=\dimen108
\tagwidth@=\dimen109
\totwidth@=\dimen110
\lineht@=\dimen111
\@envbody=\toks17
\multlinegap=\skip44
\multlinetaggap=\skip45
\mathdisplay@stack=\toks18
LaTeX Info: Redefining \[ on input line 2666.
LaTeX Info: Redefining \] on input line 2667.
)
(/usr/share/texmf-texlive/tex/latex/amscls/amsthm.sty
Package: amsthm 2004/08/06 v2.20
\thm@style=\toks19
\thm@bodyfont=\toks20
\thm@headfont=\toks21
\thm@notefont=\toks22
\thm@headpunct=\toks23
\thm@preskip=\skip46
\thm@postskip=\skip47
\thm@headsep=\skip48
\dth@everypar=\toks24
)
(/usr/share/texmf-texlive/tex/latex/amsfonts/amssymb.sty
Package: amssymb 2009/06/22 v3.00

(/usr/share/texmf-texlive/tex/latex/amsfonts/amsfonts.sty
Package: amsfonts 2009/06/22 v3.00 Basic AMSFonts support
\symAMSa=\mathgroup4
\symAMSb=\mathgroup5
LaTeX Font Info:    Overwriting math alphabet `\mathfrak' in version `bold'
(Font)                  U/euf/m/n --> U/euf/b/n on input line 96.
))
\c@claim=\count99
 (./homework1.aux)
\openout1 = `homework1.aux'.

LaTeX Font Info:    Checking defaults for OML/cmm/m/it on input line 13.
LaTeX Font Info:    ... okay on input line 13.
LaTeX Font Info:    Checking defaults for T1/cmr/m/n on input line 13.
LaTeX Font Info:    ... okay on input line 13.
LaTeX Font Info:    Checking defaults for OT1/cmr/m/n on input line 13.
LaTeX Font Info:    ... okay on input line 13.
LaTeX Font Info:    Checking defaults for OMS/cmsy/m/n on input line 13.
LaTeX Font Info:    ... okay on input line 13.
LaTeX Font Info:    Checking defaults for OMX/cmex/m/n on input line 13.
LaTeX Font Info:    ... okay on input line 13.
LaTeX Font Info:    Checking defaults for U/cmr/m/n on input line 13.
LaTeX Font Info:    ... okay on input line 13.
LaTeX Font Info:    Try loading font information for U+msa on input line 14.

(/usr/share/texmf-texlive/tex/latex/amsfonts/umsa.fd
File: umsa.fd 2009/06/22 v3.00 AMS symbols A
)
LaTeX Font Info:    Try loading font information for U+msb on input line 14.

(/usr/share/texmf-texlive/tex/latex/amsfonts/umsb.fd
File: umsb.fd 2009/06/22 v3.00 AMS symbols B
)
Overfull \hbox (21.84534pt too wide) in paragraph at lines 23--24
[][] \OML/cmm/m/it/10 c[]b[]$\OT1/cmr/m/n/10 . $\OML/cmm/m/it/10 x[][]x \OT1/cm
r/m/n/10 = \OMS/cmsy/m/n/10 h\OML/cmm/m/it/10 x; Ax\OMS/cmsy/m/n/10 i \OT1/cmr/
m/n/10 = \OMS/cmsy/m/n/10 h[][] \OML/cmm/m/it/10 c[]b[]; [][] ^^U[]c[]b[]\OMS/c
msy/m/n/10 i \OT1/cmr/m/n/10 = [][]\OMS/cmsy/m/n/10 h\OML/cmm/m/it/10 c[]b[]; ^
^U[]c[]b[]\OMS/cmsy/m/n/10 i \OT1/cmr/m/n/10 =
 []


Overfull \hbox (26.85722pt too wide) in paragraph at lines 40--41
[]\OT1/cmr/m/n/10 The pos-i-tive def-i-nite-ness fol-lows from: $0 \OML/cmm/m/i
t/10 < x[][]x \OT1/cmr/m/n/10 = \OML/cmm/m/it/10 x[][][][][]x \OT1/cmr/m/n/10 =
 ([]\OML/cmm/m/it/10 x\OT1/cmr/m/n/10 )[][][]([]\OML/cmm/m/it/10 x\OT1/cmr/m/n/
10 )$.
 []

[1

{/var/lib/texmf/fonts/map/pdftex/updmap/pdftex.map}]
Overfull \hbox (3.13046pt too wide) in paragraph at lines 81--82
[]$\OMS/cmsy/m/n/10 jj[]jj[] \OT1/cmr/m/n/10 = []\OMS/cmsy/m/n/10 fjj[]\OML/cmm
/m/it/10 y\OMS/cmsy/m/n/10 jj[] \OT1/cmr/m/n/10 : \OML/cmm/m/it/10 y \OMS/cmsy/
m/n/10 2 \U/msb/m/n/10 R[]\OML/cmm/m/it/10 ; \OMS/cmsy/m/n/10 jj\OML/cmm/m/it/1
0 y\OMS/cmsy/m/n/10 jj[] \OT1/cmr/m/n/10 = 1\OMS/cmsy/m/n/10 g \OT1/cmr/m/n/10 
= []\OMS/cmsy/m/n/10 fjj[][]\OML/cmm/m/it/10 x\OMS/cmsy/m/n/10 jj[] \OT1/cmr/m/
n/10 : []\OML/cmm/m/it/10 x \OMS/cmsy/m/n/10 2 \U/msb/m/n/10 R[]\OML/cmm/m/it/1
0 ; \OMS/cmsy/m/n/10 jj[]\OML/cmm/m/it/10 x\OMS/cmsy/m/n/10 jj[] \OT1/cmr/m/n/1
0 =
 []

[2] (./homework1.aux) ) 
Here is how much of TeX's memory you used:
 1201 strings out of 495021
 13192 string characters out of 1181036
 73968 words of memory out of 3000000
 4425 multiletter control sequences out of 15000+50000
 11849 words of font info for 46 fonts, out of 3000000 for 9000
 28 hyphenation exceptions out of 8191
 27i,6n,24p,591b,201s stack positions out of 5000i,500n,10000p,200000b,50000s
</usr/share/texmf-texlive/fonts/type1/public/amsfonts/cm
/cmbx10.pfb></usr/share/texmf-texlive/fonts/type1/public/amsfonts/cm/cmbx12.pfb
></usr/share/texmf-texlive/fonts/type1/public/amsfonts/cm/cmex10.pfb></usr/shar
e/texmf-texlive/fonts/type1/public/amsfonts/cm/cmmi10.pfb></usr/share/texmf-tex
live/fonts/type1/public/amsfonts/cm/cmmi7.pfb></usr/share/texmf-texlive/fonts/t
ype1/public/amsfonts/cm/cmr10.pfb></usr/share/texmf-texlive/fonts/type1/public/
amsfonts/cm/cmr12.pfb></usr/share/texmf-texlive/fonts/type1/public/amsfonts/cm/
cmr17.pfb></usr/share/texmf-texlive/fonts/type1/public/amsfonts/cm/cmr7.pfb></u
sr/share/texmf-texlive/fonts/type1/public/amsfonts/cm/cmsy10.pfb></usr/share/te
xmf-texlive/fonts/type1/public/amsfonts/cm/cmsy7.pfb></usr/share/texmf-texlive/
fonts/type1/public/amsfonts/cm/cmti10.pfb></usr/share/texmf-texlive/fonts/type1
/public/amsfonts/symbols/msbm10.pfb>
Output written on homework1.pdf (2 pages, 145380 bytes).
PDF statistics:
 61 PDF objects out of 1000 (max. 8388607)
 0 named destinations out of 1000 (max. 500000)
 1 words of extra memory for PDF output out of 10000 (max. 10000000)

